{
  "stats": {
    "suites": 1,
    "tests": 1,
    "passes": 1,
    "pending": 0,
    "failures": 0,
    "start": "2025-09-07T18:39:53.915Z",
    "end": "2025-09-07T18:39:56.251Z",
    "duration": 2336,
    "testsRegistered": 1,
    "passPercent": 100,
    "pendingPercent": 0,
    "other": 0,
    "hasOther": false,
    "skipped": 0,
    "hasSkipped": false
  },
  "results": [
    {
      "uuid": "9493fd4a-45ea-42f2-aaab-8760ad00353a",
      "title": "",
      "fullFile": "D:\\Jenkins Merge\\Basic Runner file\\Jenkins_Merge\\test\\apiTest.js",
      "file": "\\test\\apiTest.js",
      "beforeHooks": [],
      "afterHooks": [],
      "tests": [],
      "suites": [
        {
          "uuid": "0857dce4-49ac-458e-8af3-35240cc30c86",
          "title": "Demo API Test Suite",
          "fullFile": "D:\\Jenkins Merge\\Basic Runner file\\Jenkins_Merge\\test\\apiTest.js",
          "file": "\\test\\apiTest.js",
          "beforeHooks": [],
          "afterHooks": [],
          "tests": [
            {
              "title": "should fetch a post from JSONPlaceholder",
              "fullTitle": "Demo API Test Suite should fetch a post from JSONPlaceholder",
              "timedOut": false,
              "duration": 2328,
              "state": "passed",
              "speed": "slow",
              "pass": true,
              "fail": false,
              "pending": false,
              "context": "{\n  \"title\": \"API Response\",\n  \"value\": [\n    {\n      \"id\": \"3\",\n      \"name\": \"Apple iPhone 12 Pro Max\",\n      \"data\": {\n        \"color\": \"Cloudy White\",\n        \"capacity GB\": 512\n      }\n    },\n    {\n      \"id\": \"5\",\n      \"name\": \"Samsung Galaxy Z Fold2\",\n      \"data\": {\n        \"price\": 689.99,\n        \"color\": \"Brown\"\n      }\n    },\n    {\n      \"id\": \"10\",\n      \"name\": \"Apple iPad Mini 5th Gen\",\n      \"data\": {\n        \"Capacity\": \"64 GB\",\n        \"Screen size\": 7.9\n      }\n    }\n  ]\n}",
              "code": "const response = await axios.get('https://api.restful-api.dev/objects?id=3&id=5&id=10');\n// Add context to mochawesome report\naddContext(this, {\n  title: 'API Response',\n  value: response.data\n});\n// Basic assertions\nassert.strictEqual(response.status, 200);",
              "err": {},
              "uuid": "d9c04f0a-f026-44b2-8386-e44bcfacc098",
              "parentUUID": "0857dce4-49ac-458e-8af3-35240cc30c86",
              "isHook": false,
              "skipped": false
            }
          ],
          "suites": [],
          "passes": [
            "d9c04f0a-f026-44b2-8386-e44bcfacc098"
          ],
          "failures": [],
          "pending": [],
          "skipped": [],
          "duration": 2328,
          "root": false,
          "rootEmpty": false,
          "_timeout": 30000
        }
      ],
      "passes": [],
      "failures": [],
      "pending": [],
      "skipped": [],
      "duration": 0,
      "root": true,
      "rootEmpty": true,
      "_timeout": 30000
    }
  ],
  "meta": {
    "mocha": {
      "version": "11.7.2"
    },
    "mochawesome": {
      "options": {
        "quiet": true,
        "reportFilename": "demo-api-test-report",
        "saveHtml": true,
        "saveJson": true,
        "consoleReporter": "spec",
        "useInlineDiffs": false,
        "code": true
      },
      "version": "7.1.3"
    },
    "marge": {
      "options": {
        "reportDir": "mochawesome-report",
        "reportFilename": "demo-api-test-report",
        "quiet": true,
        "overwrite": true,
        "html": true,
        "json": true
      },
      "version": "6.2.0"
    }
  }
}